<?xml version="1.0" encoding="UTF-8"?>
<!-- Generated by org.testng.reporters.JUnitXMLReporter -->
<testsuite ignored="0" hostname="AbhishekDixit" failures="1" tests="3" name="crmloginfunctionality" time="87.866" errors="0" timestamp="2022-11-15T14:41:54 IST">
  <testcase classname="com.crm.qa.testcases.LoginPageTest" name="dataprovider" time="8.139"/>
  <testcase classname="com.crm.qa.testcases.LoginPageTest" name="loginpagetest" time="7.068"/>
  <testcase classname="com.crm.qa.testcases.LoginPageTest" name="verifycrmprolabeltest" time="0.151">
    <failure type="java.lang.AssertionError" message="expected [false] but found [true]">
      <![CDATA[java.lang.AssertionError: expected [false] but found [true]
at com.crm.qa.testcases.LoginPageTest.verifycrmprolabeltest(LoginPageTest.java:45)
at java.base/java.util.ArrayList.forEach(ArrayList.java:1511)
... Removed 33 stack frames]]>
    </failure>
  </testcase> <!-- verifycrmprolabeltest -->
</testsuite> <!-- crmloginfunctionality -->
